WARNING: A restricted method in java.lang.System has been called
WARNING: java.lang.System::load has been called by net.rubygrapefruit.platform.internal.NativeLibraryLoader in an unnamed module (file:/home/setterwars/.gradle/wrapper/dists/gradle-8.12-bin/cetblhg4pflnnks72fxwobvgv/gradle-8.12/lib/native-platform-0.22-milestone-27.jar)
WARNING: Use --enable-native-access=ALL-UNNAMED to avoid a warning for callers in this module
WARNING: Restricted methods will be blocked in a future release unless native access is enabled

Reusing configuration cache.
> Task :app:checkKotlinGradlePluginConfigurationErrors SKIPPED
> Task :app:processResources NO-SOURCE
> Task :app:compileKotlin UP-TO-DATE
> Task :app:compileJava NO-SOURCE
> Task :app:classes UP-TO-DATE

> Task :app:run FAILED
Exception in thread "main" com.github.setterwars.compilercourse.parser.Parser$WrongTokenTypeException: Wrong tokenType: in token Token(tokenType=IDENTIFIER, span=Span(line=0, firstColumn=0, lastColumn=0), lexeme=x) the type is not any of the expected types: EOF
	at com.github.setterwars.compilercourse.parser.Parser.parse(Parser.kt:15)
	at com.github.setterwars.compilercourse.MainKt.main(Main.kt:21)

FAILURE: Build failed with an exception.

* What went wrong:
Execution failed for task ':app:run'.
> Process 'command '/usr/lib/jvm/java-21-openjdk-amd64/bin/java'' finished with non-zero exit value 1

* Try:
> Run with --stacktrace option to get the stack trace.
> Run with --info or --debug option to get more log output.
> Run with --scan to get full insights.
> Get more help at https://help.gradle.org.

BUILD FAILED in 737ms
2 actionable tasks: 1 executed, 1 up-to-date
Configuration cache entry reused.
